<?xml version="1.0" encoding="UTF-8"?>
<testsuite xmlns:xsi="http://www.w3.org/2001/XMLSchema-instance" xsi:noNamespaceSchemaLocation="https://maven.apache.org/surefire/maven-surefire-plugin/xsd/surefire-test-report.xsd" name="mflix.api.daos.TimeoutsTest" time="1.129" tests="2" errors="2" skipped="0" failures="0">
  <properties>
[...]
</properties>
  <testcase name="testConfiguredConnectionTimeoutMs" classname="mflix.api.daos.TimeoutsTest" time="0.144">
    <error message="Cannot invoke &quot;java.lang.Integer.intValue()&quot; because the return value of &quot;com.mongodb.ConnectionString.getConnectTimeout()&quot; is null" type="java.lang.NullPointerException">java.lang.NullPointerException: Cannot invoke "java.lang.Integer.intValue()" because the return value of "com.mongodb.ConnectionString.getConnectTimeout()" is null
	at mflix.api.daos.TimeoutsTest.testConfiguredConnectionTimeoutMs(TimeoutsTest.java:58)
</error>
    <system-out><![CDATA[2020-11-17 14:12:39.082  INFO 4916 --- [           main] .b.t.c.SpringBootTestContextBootstrapper : Neither @ContextConfiguration nor @ContextHierarchy found for test class [mflix.api.daos.TimeoutsTest], using SpringBootContextLoader
2020-11-17 14:12:39.084  INFO 4916 --- [           main] o.s.t.c.support.AbstractContextLoader    : Could not detect default resource locations for test class [mflix.api.daos.TimeoutsTest]: no resource found for suffixes {-context.xml, Context.groovy}.
2020-11-17 14:12:39.095  INFO 4916 --- [           main] .b.t.c.SpringBootTestContextBootstrapper : Loaded default TestExecutionListener class names from location [META-INF/spring.factories]: [org.springframework.boot.test.mock.mockito.MockitoTestExecutionListener, org.springframework.boot.test.mock.mockito.ResetMocksTestExecutionListener, org.springframework.boot.test.autoconfigure.restdocs.RestDocsTestExecutionListener, org.springframework.boot.test.autoconfigure.web.client.MockRestServiceServerResetTestExecutionListener, org.springframework.boot.test.autoconfigure.web.servlet.MockMvcPrintOnlyOnFailureTestExecutionListener, org.springframework.boot.test.autoconfigure.web.servlet.WebDriverTestExecutionListener, org.springframework.test.context.web.ServletTestExecutionListener, org.springframework.test.context.support.DirtiesContextBeforeModesTestExecutionListener, org.springframework.test.context.support.DependencyInjectionTestExecutionListener, org.springframework.test.context.support.DirtiesContextTestExecutionListener, org.springframework.test.context.transaction.TransactionalTestExecutionListener, org.springframework.test.context.jdbc.SqlScriptsTestExecutionListener]
2020-11-17 14:12:39.097  INFO 4916 --- [           main] .b.t.c.SpringBootTestContextBootstrapper : Using TestExecutionListeners: [org.springframework.test.context.web.ServletTestExecutionListener@3009eed7, org.springframework.test.context.support.DirtiesContextBeforeModesTestExecutionListener@2ee4706d, org.springframework.boot.test.mock.mockito.MockitoTestExecutionListener@6650a6c, org.springframework.boot.test.autoconfigure.SpringBootDependencyInjectionTestExecutionListener@64279ab, org.springframework.test.context.support.DirtiesContextTestExecutionListener@794240e2, org.springframework.boot.test.mock.mockito.ResetMocksTestExecutionListener@74a820bf, org.springframework.boot.test.autoconfigure.restdocs.RestDocsTestExecutionListener@5a30722c, org.springframework.boot.test.autoconfigure.web.client.MockRestServiceServerResetTestExecutionListener@4f2ac7e0, org.springframework.boot.test.autoconfigure.web.servlet.MockMvcPrintOnlyOnFailureTestExecutionListener@2484dbb7, org.springframework.boot.test.autoconfigure.web.servlet.WebDriverTestExecutionListener@111cba40]

  .   ____          _            __ _ _
 /\\ / ___'_ __ _ _(_)_ __  __ _ \ \ \ \
( ( )\___ | '_ | '_| | '_ \/ _` | \ \ \ \
 \\/  ___)| |_)| | | | | || (_| |  ) ) ) )
  '  |____| .__|_| |_|_| |_\__, | / / / /
 =========|_|==============|___/=/_/_/_/
 :: Spring Boot ::        (v2.0.4.RELEASE)

2020-11-17 14:12:39.128  INFO 4916 --- [           main] mflix.api.daos.TimeoutsTest              : Starting TimeoutsTest on Dell-Inspiron15 with PID 4916 (started by Andrea in C:\Users\Andrea\Downloads\mflix-java\mflix)
2020-11-17 14:12:39.128  INFO 4916 --- [           main] mflix.api.daos.TimeoutsTest              : No active profile set, falling back to default profiles: default
2020-11-17 14:12:39.129  INFO 4916 --- [           main] o.s.w.c.s.GenericWebApplicationContext   : Refreshing org.springframework.web.context.support.GenericWebApplicationContext@509a6095: startup date [Tue Nov 17 14:12:39 CST 2020]; root of context hierarchy
2020-11-17 14:12:39.442  INFO 4916 --- [           main] org.mongodb.driver.cluster               : Cluster created with settings {hosts=[mflix-shard-00-00.xoiwj.mongodb.net:27017, mflix-shard-00-01.xoiwj.mongodb.net:27017, mflix-shard-00-02.xoiwj.mongodb.net:27017], mode=MULTIPLE, requiredClusterType=REPLICA_SET, serverSelectionTimeout='30000 ms', maxWaitQueueSize=500, requiredReplicaSetName='atlas-ifwlge-shard-0'}
2020-11-17 14:12:39.442  INFO 4916 --- [           main] org.mongodb.driver.cluster               : Adding discovered server mflix-shard-00-00.xoiwj.mongodb.net:27017 to client view of cluster
2020-11-17 14:12:39.442  INFO 4916 --- [           main] org.mongodb.driver.cluster               : Adding discovered server mflix-shard-00-01.xoiwj.mongodb.net:27017 to client view of cluster
2020-11-17 14:12:39.444  INFO 4916 --- [           main] org.mongodb.driver.cluster               : Adding discovered server mflix-shard-00-02.xoiwj.mongodb.net:27017 to client view of cluster
2020-11-17 14:12:39.575  INFO 4916 --- [           main] o.s.w.s.handler.SimpleUrlHandlerMapping  : Mapped URL path [/**/favicon.ico] onto handler of type [class org.springframework.web.servlet.resource.ResourceHttpRequestHandler]
2020-11-17 14:12:39.672  INFO 4916 --- [           main] s.w.s.m.m.a.RequestMappingHandlerAdapter : Looking for @ControllerAdvice: org.springframework.web.context.support.GenericWebApplicationContext@509a6095: startup date [Tue Nov 17 14:12:39 CST 2020]; root of context hierarchy
2020-11-17 14:12:39.705  INFO 4916 --- [           main] s.w.s.m.m.a.RequestMappingHandlerMapping : Mapped "{[/error]}" onto public org.springframework.http.ResponseEntity<java.util.Map<java.lang.String, java.lang.Object>> org.springframework.boot.autoconfigure.web.servlet.error.BasicErrorController.error(javax.servlet.http.HttpServletRequest)
2020-11-17 14:12:39.706  INFO 4916 --- [           main] s.w.s.m.m.a.RequestMappingHandlerMapping : Mapped "{[/error],produces=[text/html]}" onto public org.springframework.web.servlet.ModelAndView org.springframework.boot.autoconfigure.web.servlet.error.BasicErrorController.errorHtml(javax.servlet.http.HttpServletRequest,javax.servlet.http.HttpServletResponse)
2020-11-17 14:12:39.732  INFO 4916 --- [           main] o.s.w.s.handler.SimpleUrlHandlerMapping  : Mapped URL path [/webjars/**] onto handler of type [class org.springframework.web.servlet.resource.ResourceHttpRequestHandler]
2020-11-17 14:12:39.732  INFO 4916 --- [           main] o.s.w.s.handler.SimpleUrlHandlerMapping  : Mapped URL path [/**] onto handler of type [class org.springframework.web.servlet.resource.ResourceHttpRequestHandler]
2020-11-17 14:12:39.777  INFO 4916 --- [           main] o.s.b.a.w.s.WelcomePageHandlerMapping    : Adding welcome page: class path resource [build/index.html]
2020-11-17 14:12:39.904  INFO 4916 --- [           main] .s.s.UserDetailsServiceAutoConfiguration : 

Using generated security password: 50925809-ac1c-4a2a-ba66-43e8427a2499

2020-11-17 14:12:39.978  INFO 4916 --- [           main] o.s.s.web.DefaultSecurityFilterChain     : Creating filter chain: org.springframework.security.web.util.matcher.AnyRequestMatcher@1, [org.springframework.security.web.context.request.async.WebAsyncManagerIntegrationFilter@25567581, org.springframework.security.web.context.SecurityContextPersistenceFilter@5abf6a99, org.springframework.security.web.header.HeaderWriterFilter@46cf8c07, org.springframework.security.web.csrf.CsrfFilter@5cc1bf20, org.springframework.security.web.authentication.logout.LogoutFilter@2a136383, org.springframework.security.web.authentication.UsernamePasswordAuthenticationFilter@4e67cfe1, org.springframework.security.web.authentication.ui.DefaultLoginPageGeneratingFilter@bd93bc3, org.springframework.security.web.authentication.www.BasicAuthenticationFilter@55bf35e5, org.springframework.security.web.savedrequest.RequestCacheAwareFilter@dc59ec2, org.springframework.security.web.servletapi.SecurityContextHolderAwareRequestFilter@375084c9, org.springframework.security.web.authentication.AnonymousAuthenticationFilter@179ee36b, org.springframework.security.web.session.SessionManagementFilter@b56ec6c, org.springframework.security.web.access.ExceptionTranslationFilter@2e3f324e, org.springframework.security.web.access.intercept.FilterSecurityInterceptor@4bbf38b8]
2020-11-17 14:12:40.016  INFO 4916 --- [           main] mflix.api.daos.TimeoutsTest              : Started TimeoutsTest in 0.915 seconds (JVM running for 27.492)
2020-11-17 14:12:40.022  INFO 4916 --- [ngodb.net:27017] org.mongodb.driver.connection            : Opened connection [connectionId{localValue:22, serverValue:59}] to mflix-shard-00-01.xoiwj.mongodb.net:27017
2020-11-17 14:12:40.022  INFO 4916 --- [ngodb.net:27017] org.mongodb.driver.connection            : Opened connection [connectionId{localValue:21, serverValue:26}] to mflix-shard-00-00.xoiwj.mongodb.net:27017
2020-11-17 14:12:40.042  INFO 4916 --- [ngodb.net:27017] org.mongodb.driver.connection            : Opened connection [connectionId{localValue:23, serverValue:166}] to mflix-shard-00-02.xoiwj.mongodb.net:27017
2020-11-17 14:12:40.073  INFO 4916 --- [           main] org.mongodb.driver.cluster               : Cluster created with settings {hosts=[mflix-shard-00-01.xoiwj.mongodb.net:27017, mflix-shard-00-02.xoiwj.mongodb.net:27017, mflix-shard-00-00.xoiwj.mongodb.net:27017], mode=MULTIPLE, requiredClusterType=REPLICA_SET, serverSelectionTimeout='30000 ms', maxWaitQueueSize=500, requiredReplicaSetName='atlas-ifwlge-shard-0'}
2020-11-17 14:12:40.073  INFO 4916 --- [           main] org.mongodb.driver.cluster               : Adding discovered server mflix-shard-00-01.xoiwj.mongodb.net:27017 to client view of cluster
2020-11-17 14:12:40.074  INFO 4916 --- [           main] org.mongodb.driver.cluster               : Adding discovered server mflix-shard-00-02.xoiwj.mongodb.net:27017 to client view of cluster
2020-11-17 14:12:40.075  INFO 4916 --- [           main] org.mongodb.driver.cluster               : Adding discovered server mflix-shard-00-00.xoiwj.mongodb.net:27017 to client view of cluster
2020-11-17 14:12:40.133  INFO 4916 --- [ngodb.net:27017] org.mongodb.driver.cluster               : Monitor thread successfully connected to server with description ServerDescription{address=mflix-shard-00-01.xoiwj.mongodb.net:27017, type=REPLICA_SET_SECONDARY, state=CONNECTED, ok=true, version=ServerVersion{versionList=[4, 2, 10]}, minWireVersion=0, maxWireVersion=8, maxDocumentSize=16777216, logicalSessionTimeoutMinutes=30, roundTripTimeNanos=109545500, setName='atlas-ifwlge-shard-0', canonicalAddress=mflix-shard-00-01.xoiwj.mongodb.net:27017, hosts=[mflix-shard-00-02.xoiwj.mongodb.net:27017, mflix-shard-00-00.xoiwj.mongodb.net:27017, mflix-shard-00-01.xoiwj.mongodb.net:27017], passives=[], arbiters=[], primary='mflix-shard-00-02.xoiwj.mongodb.net:27017', tagSet=TagSet{[Tag{name='nodeType', value='ELECTABLE'}, Tag{name='provider', value='AWS'}, Tag{name='region', value='US_EAST_1'}, Tag{name='workloadType', value='OPERATIONAL'}]}, electionId=null, setVersion=5, lastWriteDate=Tue Nov 17 14:12:35 CST 2020, lastUpdateTimeNanos=237681070696500}
2020-11-17 14:12:40.133  INFO 4916 --- [ngodb.net:27017] org.mongodb.driver.cluster               : Monitor thread successfully connected to server with description ServerDescription{address=mflix-shard-00-00.xoiwj.mongodb.net:27017, type=REPLICA_SET_SECONDARY, state=CONNECTED, ok=true, version=ServerVersion{versionList=[4, 2, 10]}, minWireVersion=0, maxWireVersion=8, maxDocumentSize=16777216, logicalSessionTimeoutMinutes=30, roundTripTimeNanos=109534300, setName='atlas-ifwlge-shard-0', canonicalAddress=mflix-shard-00-00.xoiwj.mongodb.net:27017, hosts=[mflix-shard-00-02.xoiwj.mongodb.net:27017, mflix-shard-00-00.xoiwj.mongodb.net:27017, mflix-shard-00-01.xoiwj.mongodb.net:27017], passives=[], arbiters=[], primary='mflix-shard-00-02.xoiwj.mongodb.net:27017', tagSet=TagSet{[Tag{name='workloadType', value='OPERATIONAL'}, Tag{name='nodeType', value='ELECTABLE'}, Tag{name='region', value='US_EAST_1'}, Tag{name='provider', value='AWS'}]}, electionId=null, setVersion=5, lastWriteDate=Tue Nov 17 14:12:35 CST 2020, lastUpdateTimeNanos=237681070696500}
2020-11-17 14:12:40.162  INFO 4916 --- [ngodb.net:27017] org.mongodb.driver.cluster               : Monitor thread successfully connected to server with description ServerDescription{address=mflix-shard-00-02.xoiwj.mongodb.net:27017, type=REPLICA_SET_PRIMARY, state=CONNECTED, ok=true, version=ServerVersion{versionList=[4, 2, 10]}, minWireVersion=0, maxWireVersion=8, maxDocumentSize=16777216, logicalSessionTimeoutMinutes=30, roundTripTimeNanos=119930600, setName='atlas-ifwlge-shard-0', canonicalAddress=mflix-shard-00-02.xoiwj.mongodb.net:27017, hosts=[mflix-shard-00-02.xoiwj.mongodb.net:27017, mflix-shard-00-00.xoiwj.mongodb.net:27017, mflix-shard-00-01.xoiwj.mongodb.net:27017], passives=[], arbiters=[], primary='mflix-shard-00-02.xoiwj.mongodb.net:27017', tagSet=TagSet{[Tag{name='workloadType', value='OPERATIONAL'}, Tag{name='nodeType', value='ELECTABLE'}, Tag{name='region', value='US_EAST_1'}, Tag{name='provider', value='AWS'}]}, electionId=7fffffff0000000000000033, setVersion=5, lastWriteDate=Tue Nov 17 14:12:35 CST 2020, lastUpdateTimeNanos=237681100868900}
2020-11-17 14:12:40.163  INFO 4916 --- [ngodb.net:27017] org.mongodb.driver.cluster               : Setting max election id to 7fffffff0000000000000033 from replica set primary mflix-shard-00-02.xoiwj.mongodb.net:27017
2020-11-17 14:12:40.163  INFO 4916 --- [ngodb.net:27017] org.mongodb.driver.cluster               : Setting max set version to 5 from replica set primary mflix-shard-00-02.xoiwj.mongodb.net:27017
2020-11-17 14:12:40.163  INFO 4916 --- [ngodb.net:27017] org.mongodb.driver.cluster               : Discovered replica set primary mflix-shard-00-02.xoiwj.mongodb.net:27017
]]></system-out>
  </testcase>
  <testcase name="testConfiguredWtimeout" classname="mflix.api.daos.TimeoutsTest" time="0.053">
    <error message="Cannot invoke &quot;java.lang.Integer.intValue()&quot; because the return value of &quot;com.mongodb.WriteConcern.getWTimeout(java.util.concurrent.TimeUnit)&quot; is null" type="java.lang.NullPointerException">java.lang.NullPointerException: Cannot invoke "java.lang.Integer.intValue()" because the return value of "com.mongodb.WriteConcern.getWTimeout(java.util.concurrent.TimeUnit)" is null
	at mflix.api.daos.TimeoutsTest.testConfiguredWtimeout(TimeoutsTest.java:49)
</error>
    <system-out><![CDATA[2020-11-17 14:12:40.212  INFO 4916 --- [ngodb.net:27017] org.mongodb.driver.cluster               : Monitor thread successfully connected to server with description ServerDescription{address=mflix-shard-00-02.xoiwj.mongodb.net:27017, type=REPLICA_SET_PRIMARY, state=CONNECTED, ok=true, version=ServerVersion{versionList=[4, 2, 10]}, minWireVersion=0, maxWireVersion=8, maxDocumentSize=16777216, logicalSessionTimeoutMinutes=30, roundTripTimeNanos=120579240, setName='atlas-ifwlge-shard-0', canonicalAddress=mflix-shard-00-02.xoiwj.mongodb.net:27017, hosts=[mflix-shard-00-02.xoiwj.mongodb.net:27017, mflix-shard-00-00.xoiwj.mongodb.net:27017, mflix-shard-00-01.xoiwj.mongodb.net:27017], passives=[], arbiters=[], primary='mflix-shard-00-02.xoiwj.mongodb.net:27017', tagSet=TagSet{[Tag{name='workloadType', value='OPERATIONAL'}, Tag{name='nodeType', value='ELECTABLE'}, Tag{name='region', value='US_EAST_1'}, Tag{name='provider', value='AWS'}]}, electionId=7fffffff0000000000000033, setVersion=5, lastWriteDate=Tue Nov 17 14:12:35 CST 2020, lastUpdateTimeNanos=237681151022300}
2020-11-17 14:12:40.212  INFO 4916 --- [           main] org.mongodb.driver.cluster               : Cluster created with settings {hosts=[mflix-shard-00-01.xoiwj.mongodb.net:27017, mflix-shard-00-02.xoiwj.mongodb.net:27017, mflix-shard-00-00.xoiwj.mongodb.net:27017], mode=MULTIPLE, requiredClusterType=REPLICA_SET, serverSelectionTimeout='30000 ms', maxWaitQueueSize=500, requiredReplicaSetName='atlas-ifwlge-shard-0'}
2020-11-17 14:12:40.213  INFO 4916 --- [           main] org.mongodb.driver.cluster               : Adding discovered server mflix-shard-00-01.xoiwj.mongodb.net:27017 to client view of cluster
2020-11-17 14:12:40.214  INFO 4916 --- [           main] org.mongodb.driver.cluster               : Adding discovered server mflix-shard-00-02.xoiwj.mongodb.net:27017 to client view of cluster
2020-11-17 14:12:40.215  INFO 4916 --- [           main] org.mongodb.driver.cluster               : Adding discovered server mflix-shard-00-00.xoiwj.mongodb.net:27017 to client view of cluster
]]></system-out>
  </testcase>
</testsuite>