<?xml version="1.0" encoding="UTF-8"?>
<testsuite xmlns:xsi="http://www.w3.org/2001/XMLSchema-instance" xsi:noNamespaceSchemaLocation="https://maven.apache.org/surefire/maven-surefire-plugin/xsd/surefire-test-report.xsd" name="mflix.api.daos.UserReportTest" time="0.015" tests="1" errors="0" skipped="0" failures="1">
  <properties>
[...]
</properties>
  <testcase name="testMostActiveUserComments" classname="mflix.api.daos.UserReportTest" time="0.004">
    <failure message="mostActiveComments() should return 20 results expected:&lt;20&gt; but was:&lt;0&gt;" type="java.lang.AssertionError"><![CDATA[java.lang.AssertionError: mostActiveComments() should return 20 results expected:<20> but was:<0>
	at mflix.api.daos.UserReportTest.testMostActiveUserComments(UserReportTest.java:41)
]]></failure>
    <system-out><![CDATA[2020-11-17 14:12:42.369  INFO 4916 --- [           main] .b.t.c.SpringBootTestContextBootstrapper : Neither @ContextConfiguration nor @ContextHierarchy found for test class [mflix.api.daos.UserReportTest], using SpringBootContextLoader
2020-11-17 14:12:42.371  INFO 4916 --- [           main] o.s.t.c.support.AbstractContextLoader    : Could not detect default resource locations for test class [mflix.api.daos.UserReportTest]: no resource found for suffixes {-context.xml, Context.groovy}.
2020-11-17 14:12:42.382  INFO 4916 --- [           main] .b.t.c.SpringBootTestContextBootstrapper : Loaded default TestExecutionListener class names from location [META-INF/spring.factories]: [org.springframework.boot.test.mock.mockito.MockitoTestExecutionListener, org.springframework.boot.test.mock.mockito.ResetMocksTestExecutionListener, org.springframework.boot.test.autoconfigure.restdocs.RestDocsTestExecutionListener, org.springframework.boot.test.autoconfigure.web.client.MockRestServiceServerResetTestExecutionListener, org.springframework.boot.test.autoconfigure.web.servlet.MockMvcPrintOnlyOnFailureTestExecutionListener, org.springframework.boot.test.autoconfigure.web.servlet.WebDriverTestExecutionListener, org.springframework.test.context.web.ServletTestExecutionListener, org.springframework.test.context.support.DirtiesContextBeforeModesTestExecutionListener, org.springframework.test.context.support.DependencyInjectionTestExecutionListener, org.springframework.test.context.support.DirtiesContextTestExecutionListener, org.springframework.test.context.transaction.TransactionalTestExecutionListener, org.springframework.test.context.jdbc.SqlScriptsTestExecutionListener]
2020-11-17 14:12:42.385  INFO 4916 --- [           main] .b.t.c.SpringBootTestContextBootstrapper : Using TestExecutionListeners: [org.springframework.test.context.web.ServletTestExecutionListener@270d5060, org.springframework.test.context.support.DirtiesContextBeforeModesTestExecutionListener@1815577b, org.springframework.boot.test.mock.mockito.MockitoTestExecutionListener@71567f33, org.springframework.boot.test.autoconfigure.SpringBootDependencyInjectionTestExecutionListener@71369e1a, org.springframework.test.context.support.DirtiesContextTestExecutionListener@3cf55e0c, org.springframework.boot.test.mock.mockito.ResetMocksTestExecutionListener@ee96866, org.springframework.boot.test.autoconfigure.restdocs.RestDocsTestExecutionListener@4c04216f, org.springframework.boot.test.autoconfigure.web.client.MockRestServiceServerResetTestExecutionListener@987a0bb, org.springframework.boot.test.autoconfigure.web.servlet.MockMvcPrintOnlyOnFailureTestExecutionListener@1f949ab9, org.springframework.boot.test.autoconfigure.web.servlet.WebDriverTestExecutionListener@5a7b6b75]
]]></system-out>
  </testcase>
</testsuite>